>>> Training on  1  nodes and  1  processes
model: Resnet-50
number of parameters: 25557032
global batch size: 128 - mini batch size: 128
Optimizer: SGD (
Parameter Group 0
    dampening: 0
    lr: 0.1
    maximize: False
    momentum: 0.9
    nesterov: False
    weight_decay: 0.0
)
DATALOADER 10 True True True 3 False 
image batch shape : torch.Size([128, 3, 176, 176])
>>> Training complete in: 0:05:53.561484
>>> Training performance time: min 4.501930236816406 avg 4.766597509384155 seconds (+/- 0.14579007426206964)
>>> Loading performance time: min 0.00013065338134765625 avg 0.00015664100646972656 seconds (+/- 1.434471526857817e-05)
>>> Forward performance time: 1.8760071092722368 seconds (+/- 0.09052225345171229)
>>> Backward performance time: 2.901484557560512 seconds (+/- 0.08457200485922346)
>>> Peak Power during training: 62.22 W)
>>> Validation time estimation: 0:17:49.429900
>>> Sortie trace #####################################
>>>JSON {"GPU process - Forward/Backward": [6.2423787117004395, 5.0220746994018555, 4.957103490829468, 5.0125415325164795, 4.943894863128662, 4.966577529907227, 5.019651651382446, 4.99901819229126, 4.964149236679077, 4.885366678237915, 4.904692649841309, 4.781780242919922, 4.951511859893799, 4.84772253036499, 4.766597509384155, 4.684057712554932, 4.787169456481934, 4.795409679412842, 4.917107105255127, 4.681482791900635, 4.62136173248291, 4.676070213317871, 4.717148303985596, 4.702852964401245, 4.64032506942749, 4.7434868812561035, 4.692547082901001, 4.687806129455566, 4.651872873306274, 4.681207180023193, 4.635786294937134, 4.501930236816406, 4.82633376121521, 4.589520454406738, 4.554682970046997, 4.706907749176025, 4.620109558105469, 4.52482008934021, 4.774549961090088, 4.610376834869385, 4.6381542682647705, 4.710811138153076, 5.109354257583618, 4.724546909332275, 4.806366920471191, 4.937008380889893, 4.881795883178711, 4.729339838027954, 4.814107179641724, 4.803519010543823], "CPU process - Dataloader": [3.979201555252075, 0.0001895427703857422, 0.00014591217041015625, 0.00017380714416503906, 0.00013375282287597656, 0.00013637542724609375, 0.0001621246337890625, 0.0001347064971923828, 0.00015163421630859375, 0.00015854835510253906, 0.00017547607421875, 0.0001685619354248047, 0.00014591217041015625, 0.0001819133758544922, 0.00013637542724609375, 0.0001373291015625, 0.0001327991485595703, 0.00013065338134765625, 0.0001361370086669922, 0.00015592575073242188, 0.0001666545867919922, 0.0001628398895263672, 0.00017642974853515625, 0.00017499923706054688, 0.0001685619354248047, 0.00014543533325195312, 0.00013685226440429688, 0.00013947486877441406, 0.00013518333435058594, 0.00015878677368164062, 0.00015592575073242188, 0.0001609325408935547, 0.0001652240753173828, 0.0001544952392578125, 0.0001742839813232422, 0.00015854835510253906, 0.00015926361083984375, 0.00015854835510253906, 0.0001609325408935547, 0.00016069412231445312, 0.00016307830810546875, 0.00015592575073242188, 0.00015592575073242188, 0.00015783309936523438, 0.00017976760864257812, 0.00015854835510253906, 0.00015735626220703125, 0.00016188621520996094, 0.0001595020294189453, 0.000164031982421875]}
>>> Number of batch per epoch: 10010
Max Memory Allocated 0 Bytes
Tue Feb 21 21:41:18 CET 2023
